facebook/build/outputs/logs/manifest-merger-debug-report.txt
-- Merging decision tree log ---
manifest
ADDED from New/facebook/AndroidManifest.xml:18:1-21:12
INJECTED from New/facebook/AndroidManifest.xml:18:1-21:12
INJECTED from New/facebook/AndroidManifest.xml:18:1-21:12
INJECTED from New/facebook/AndroidManifest.xml:18:1-21:12
INJECTED from New/facebook/AndroidManifest.xml:18:1-21:12
INJECTED from New/facebook/AndroidManifest.xml:18:1-21:12
INJECTED from New/facebook/AndroidManifest.xml:18:1-21:12
	package
		ADDED from New/facebook/AndroidManifest.xml:19:7-37
		INJECTED from New/facebook/AndroidManifest.xml
		INJECTED from New/facebook/AndroidManifest.xml
	android:versionName
		INJECTED from New/facebook/AndroidManifest.xml
		ADDED from New/facebook/AndroidManifest.xml:18:1-21:12
		INJECTED from New/facebook/AndroidManifest.xml
	android:versionCode
		INJECTED from New/facebook/AndroidManifest.xml
		ADDED from New/facebook/AndroidManifest.xml:18:1-21:12
		INJECTED from New/facebook/AndroidManifest.xml
	xmlns:android
		ADDED from New/facebook/AndroidManifest.xml:18:11-69
application
ADDED from New/facebook/AndroidManifest.xml:20:5-19
uses-sdk
INJECTED from New/facebook/AndroidManifest.xml reason: use-sdk injection requested
INJECTED from New/facebook/AndroidManifest.xml
INJECTED from New/facebook/AndroidManifest.xml
INJECTED from New/facebook/AndroidManifest.xml
INJECTED from New/facebook/AndroidManifest.xml
	android:targetSdkVersion
		INJECTED from New/facebook/AndroidManifest.xml
		ADDED from New/facebook/AndroidManifest.xml
		INJECTED from New/facebook/AndroidManifest.xml
	android:minSdkVersion
		INJECTED from New/facebook/AndroidManifest.xml
		ADDED from New/facebook/AndroidManifest.xml
		INJECTED from New/facebook/AndroidManifest.xml